<?xml version="1.0" encoding="UTF-8"?>
<!-- Generated by org.testng.reporters.JUnitReportReporter -->
<testsuite hostname="saramise-mac" failures="0" tests="1" name="test.day4" time="0.004" errors="0" timestamp="2023-12-25T15:30:41 IST" skipped="0">
  <testcase classname="test.day4" name="loginmobile" time="0.004"/>
</testsuite> <!-- test.day4 -->
