<?xml version="1.0" encoding="UTF-8"?>
<!-- Generated by org.testng.reporters.JUnitReportReporter -->
<testsuite hostname="saramise-mac" failures="0" tests="5" name="test.day3" time="0.004" errors="0" timestamp="2023-12-25T16:03:22 IST" skipped="0">
  <testcase classname="test.day3" name="login2" time="0.000"/>
  <testcase classname="test.day3" name="login2" time="0.001"/>
  <testcase classname="test.day3" name="login3" time="0.000"/>
  <testcase classname="test.day3" name="login2" time="0.000"/>
  <testcase classname="test.day3" name="login1" time="0.003"/>
</testsuite> <!-- test.day3 -->
