<?xml version="1.0" encoding="UTF-8"?>
<!-- Generated by org.testng.reporters.JUnitReportReporter -->
<testsuite hostname="saramise-mac" failures="0" tests="1" name="test.day1" time="0.002" errors="0" timestamp="2023-12-25T14:42:00 IST" skipped="0">
  <testcase classname="test.day1" name="Demo" time="0.002"/>
</testsuite> <!-- test.day1 -->
